Classic Timing Analyzer report for SemaforoInteligente
Thu Feb 15 16:45:25 2018
Quartus II Version 9.0 Build 235 06/17/2009 Service Pack 2 SJ Web Edition


---------------------
; Table of Contents ;
---------------------
  1. Legal Notice
  2. Timing Analyzer Summary
  3. Timing Analyzer Settings
  4. Clock Settings Summary
  5. Parallel Compilation
  6. Clock Setup: 'clock_32'
  7. Clock Hold: 'clock_32'
  8. tco
  9. Timing Analyzer Messages



----------------
; Legal Notice ;
----------------
Copyright (C) 1991-2009 Altera Corporation
Your use of Altera Corporation's design tools, logic functions 
and other software and tools, and its AMPP partner logic 
functions, and any output files from any of the foregoing 
(including device programming or simulation files), and any 
associated documentation or information are expressly subject 
to the terms and conditions of the Altera Program License 
Subscription Agreement, Altera MegaCore Function License 
Agreement, or other applicable license agreement, including, 
without limitation, that your use is for the sole purpose of 
programming logic devices manufactured by Altera and sold by 
Altera or its authorized distributors.  Please refer to the 
applicable agreement for further details.



+---------------------------------------------------------------------------------------------------------------------------------------------------------------------------------------------------------------------------------------------------------------------+
; Timing Analyzer Summary                                                                                                                                                                                                                                             ;
+------------------------------+------------------------------------------+---------------+----------------------------------+-------------------------------------------+-----------------------------------------------------+------------+----------+--------------+
; Type                         ; Slack                                    ; Required Time ; Actual Time                      ; From                                      ; To                                                  ; From Clock ; To Clock ; Failed Paths ;
+------------------------------+------------------------------------------+---------------+----------------------------------+-------------------------------------------+-----------------------------------------------------+------------+----------+--------------+
; Worst-case tco               ; N/A                                      ; None          ; 119.000 ns                       ; Control:inst3|74161:inst116|f74161:sub|99 ; Red2                                                ; clock_32   ; --       ; 0            ;
; Clock Setup: 'clock_32'      ; N/A                                      ; None          ; 34.36 MHz ( period = 29.100 ns ) ; MaquinadeStateMain:inst8|inst             ; MaquinadeStateMain:inst8|74161:inst115|f74161:sub|9 ; clock_32   ; clock_32 ; 0            ;
; Clock Hold: 'clock_32'       ; Not operational: Clock Skew > Data Delay ; None          ; N/A                              ; MaquinadeStateMain:inst8|inst             ; MaquinadeStateMain:inst8|inst3                      ; clock_32   ; clock_32 ; 38           ;
; Total number of failed paths ;                                          ;               ;                                  ;                                           ;                                                     ;            ;          ; 38           ;
+------------------------------+------------------------------------------+---------------+----------------------------------+-------------------------------------------+-----------------------------------------------------+------------+----------+--------------+


+--------------------------------------------------------------------------------------------------------------------+
; Timing Analyzer Settings                                                                                           ;
+---------------------------------------------------------------------+--------------------+------+----+-------------+
; Option                                                              ; Setting            ; From ; To ; Entity Name ;
+---------------------------------------------------------------------+--------------------+------+----+-------------+
; Device Name                                                         ; EP1K100QC208-3     ;      ;    ;             ;
; Timing Models                                                       ; Final              ;      ;    ;             ;
; Default hold multicycle                                             ; Same as Multicycle ;      ;    ;             ;
; Cut paths between unrelated clock domains                           ; On                 ;      ;    ;             ;
; Cut off read during write signal paths                              ; On                 ;      ;    ;             ;
; Cut off feedback from I/O pins                                      ; On                 ;      ;    ;             ;
; Report Combined Fast/Slow Timing                                    ; Off                ;      ;    ;             ;
; Ignore Clock Settings                                               ; Off                ;      ;    ;             ;
; Analyze latches as synchronous elements                             ; On                 ;      ;    ;             ;
; Enable Recovery/Removal analysis                                    ; Off                ;      ;    ;             ;
; Enable Clock Latency                                                ; Off                ;      ;    ;             ;
; Use TimeQuest Timing Analyzer                                       ; Off                ;      ;    ;             ;
; Minimum Core Junction Temperature                                   ; 0                  ;      ;    ;             ;
; Maximum Core Junction Temperature                                   ; 85                 ;      ;    ;             ;
; Number of source nodes to report per destination node               ; 10                 ;      ;    ;             ;
; Number of destination nodes to report                               ; 10                 ;      ;    ;             ;
; Number of paths to report                                           ; 200                ;      ;    ;             ;
; Report Minimum Timing Checks                                        ; Off                ;      ;    ;             ;
; Use Fast Timing Models                                              ; Off                ;      ;    ;             ;
; Report IO Paths Separately                                          ; Off                ;      ;    ;             ;
; Perform Multicorner Analysis                                        ; Off                ;      ;    ;             ;
; Reports the worst-case path for each clock domain and analysis      ; Off                ;      ;    ;             ;
; Removes common clock path pessimism (CCPP) during slack computation ; Off                ;      ;    ;             ;
; Output I/O Timing Endpoint                                          ; Near End           ;      ;    ;             ;
+---------------------------------------------------------------------+--------------------+------+----+-------------+


+------------------------------------------------------------------------------------------------------------------------------------------------------------------------------------+
; Clock Settings Summary                                                                                                                                                             ;
+-----------------+--------------------+----------+------------------+---------------+--------------+----------+-----------------------+---------------------+--------+--------------+
; Clock Node Name ; Clock Setting Name ; Type     ; Fmax Requirement ; Early Latency ; Late Latency ; Based on ; Multiply Base Fmax by ; Divide Base Fmax by ; Offset ; Phase offset ;
+-----------------+--------------------+----------+------------------+---------------+--------------+----------+-----------------------+---------------------+--------+--------------+
; clock_32        ;                    ; User Pin ; None             ; 0.000 ns      ; 0.000 ns     ; --       ; N/A                   ; N/A                 ; N/A    ;              ;
+-----------------+--------------------+----------+------------------+---------------+--------------+----------+-----------------------+---------------------+--------+--------------+


Parallel compilation was disabled, but you have multiple processors available. Enable parallel compilation to reduce compilation time.
+-------------------------------------+
; Parallel Compilation                ;
+----------------------------+--------+
; Processors                 ; Number ;
+----------------------------+--------+
; Number detected on machine ; 2      ;
; Maximum allowed            ; 1      ;
+----------------------------+--------+


+--------------------------------------------------------------------------------------------------------------------------------------------------------------------------------------------------------------------------------------------------------------------------------------------+
; Clock Setup: 'clock_32'                                                                                                                                                                                                                                                                    ;
+-------+------------------------------------------------+-----------------------------------------------------------+-----------------------------------------------------------+------------+----------+-----------------------------+---------------------------+-------------------------+
; Slack ; Actual fmax (period)                           ; From                                                      ; To                                                        ; From Clock ; To Clock ; Required Setup Relationship ; Required Longest P2P Time ; Actual Longest P2P Time ;
+-------+------------------------------------------------+-----------------------------------------------------------+-----------------------------------------------------------+------------+----------+-----------------------------+---------------------------+-------------------------+
; N/A   ; 34.36 MHz ( period = 29.100 ns )               ; MaquinadeStateMain:inst8|inst                             ; MaquinadeStateMain:inst8|74161:inst114|f74161:sub|9       ; clock_32   ; clock_32 ; None                        ; None                      ; 4.600 ns                ;
; N/A   ; 34.36 MHz ( period = 29.100 ns )               ; MaquinadeStateMain:inst8|inst                             ; MaquinadeStateMain:inst8|74161:inst115|f74161:sub|9       ; clock_32   ; clock_32 ; None                        ; None                      ; 4.600 ns                ;
; N/A   ; 34.60 MHz ( period = 28.900 ns )               ; MaquinadeStateMain:inst8|inst3                            ; MaquinadeStateMain:inst8|74161:inst114|f74161:sub|9       ; clock_32   ; clock_32 ; None                        ; None                      ; 4.400 ns                ;
; N/A   ; 34.60 MHz ( period = 28.900 ns )               ; MaquinadeStateMain:inst8|inst3                            ; MaquinadeStateMain:inst8|74161:inst115|f74161:sub|9       ; clock_32   ; clock_32 ; None                        ; None                      ; 4.400 ns                ;
; N/A   ; 34.60 MHz ( period = 28.900 ns )               ; MaquinadeStateMain:inst8|inst                             ; MaquinadeStateMain:inst8|74161:inst114|f74161:sub|87      ; clock_32   ; clock_32 ; None                        ; None                      ; 4.400 ns                ;
; N/A   ; 34.84 MHz ( period = 28.700 ns )               ; MaquinadeStateMain:inst8|inst3                            ; MaquinadeStateMain:inst8|74161:inst114|f74161:sub|87      ; clock_32   ; clock_32 ; None                        ; None                      ; 4.200 ns                ;
; N/A   ; 37.31 MHz ( period = 26.800 ns )               ; MaquinadeStateMain:inst8|inst3                            ; MaquinadeStateMain:inst8|74161:inst115|f74161:sub|87      ; clock_32   ; clock_32 ; None                        ; None                      ; 2.300 ns                ;
; N/A   ; 37.31 MHz ( period = 26.800 ns )               ; MaquinadeStateMain:inst8|inst                             ; MaquinadeStateMain:inst8|74161:inst114|f74161:sub|99      ; clock_32   ; clock_32 ; None                        ; None                      ; 2.300 ns                ;
; N/A   ; 37.31 MHz ( period = 26.800 ns )               ; MaquinadeStateSecondary:inst9|inst17                      ; MaquinadeStateSecondary:inst9|74161:inst114|f74161:sub|9  ; clock_32   ; clock_32 ; None                        ; None                      ; 4.600 ns                ;
; N/A   ; 37.45 MHz ( period = 26.700 ns )               ; Control:inst3|74161:inst116|f74161:sub|99                 ; Control:inst3|74173:inst37|9                              ; clock_32   ; clock_32 ; None                        ; None                      ; 1.400 ns                ;
; N/A   ; 37.59 MHz ( period = 26.600 ns )               ; MaquinadeStateSecondary:inst9|inst14                      ; MaquinadeStateSecondary:inst9|74161:inst114|f74161:sub|9  ; clock_32   ; clock_32 ; None                        ; None                      ; 4.400 ns                ;
; N/A   ; 37.59 MHz ( period = 26.600 ns )               ; MaquinadeStateSecondary:inst9|inst17                      ; MaquinadeStateSecondary:inst9|74161:inst114|f74161:sub|87 ; clock_32   ; clock_32 ; None                        ; None                      ; 4.400 ns                ;
; N/A   ; 37.74 MHz ( period = 26.500 ns )               ; MaquinadeStateMain:inst8|inst3                            ; MaquinadeStateMain:inst8|inst3                            ; clock_32   ; clock_32 ; None                        ; None                      ; 1.200 ns                ;
; N/A   ; 37.74 MHz ( period = 26.500 ns )               ; MaquinadeStateMain:inst8|inst                             ; MaquinadeStateMain:inst8|inst                             ; clock_32   ; clock_32 ; None                        ; None                      ; 1.200 ns                ;
; N/A   ; 37.74 MHz ( period = 26.500 ns )               ; Control:inst3|74161:inst116|f74161:sub|9                  ; Control:inst3|74173:inst37|9                              ; clock_32   ; clock_32 ; None                        ; None                      ; 1.200 ns                ;
; N/A   ; 37.74 MHz ( period = 26.500 ns )               ; MaquinadeStateSecondary:inst9|inst17                      ; MaquinadeStateSecondary:inst9|inst17                      ; clock_32   ; clock_32 ; None                        ; None                      ; 1.200 ns                ;
; N/A   ; 37.74 MHz ( period = 26.500 ns )               ; MaquinadeStateSecondary:inst9|inst14                      ; MaquinadeStateSecondary:inst9|inst14                      ; clock_32   ; clock_32 ; None                        ; None                      ; 1.200 ns                ;
; N/A   ; 37.74 MHz ( period = 26.500 ns )               ; MaquinadeStateMain:inst8|inst                             ; MaquinadeStateMain:inst8|74161:inst115|f74161:sub|87      ; clock_32   ; clock_32 ; None                        ; None                      ; 2.000 ns                ;
; N/A   ; 37.74 MHz ( period = 26.500 ns )               ; MaquinadeStateMain:inst8|inst3                            ; MaquinadeStateMain:inst8|74161:inst114|f74161:sub|99      ; clock_32   ; clock_32 ; None                        ; None                      ; 2.000 ns                ;
; N/A   ; 37.88 MHz ( period = 26.400 ns )               ; MaquinadeStateSecondary:inst9|inst14                      ; MaquinadeStateSecondary:inst9|74161:inst114|f74161:sub|87 ; clock_32   ; clock_32 ; None                        ; None                      ; 4.200 ns                ;
; N/A   ; 38.46 MHz ( period = 26.000 ns )               ; MaquinadeStateSecondary:inst9|inst17                      ; MaquinadeStateSecondary:inst9|74161:inst115|f74161:sub|9  ; clock_32   ; clock_32 ; None                        ; None                      ; 3.800 ns                ;
; N/A   ; 38.61 MHz ( period = 25.900 ns )               ; MaquinadeStateMain:inst8|inst                             ; 74173:inst33|9                                            ; clock_32   ; clock_32 ; None                        ; None                      ; 1.400 ns                ;
; N/A   ; 38.61 MHz ( period = 25.900 ns )               ; MaquinadeStateMain:inst8|inst                             ; 74173:inst33|8                                            ; clock_32   ; clock_32 ; None                        ; None                      ; 1.400 ns                ;
; N/A   ; 38.61 MHz ( period = 25.900 ns )               ; MaquinadeStateMain:inst8|inst3                            ; 74173:inst34|9                                            ; clock_32   ; clock_32 ; None                        ; None                      ; 1.400 ns                ;
; N/A   ; 38.61 MHz ( period = 25.900 ns )               ; MaquinadeStateMain:inst8|inst                             ; 74173:inst34|8                                            ; clock_32   ; clock_32 ; None                        ; None                      ; 1.400 ns                ;
; N/A   ; 38.76 MHz ( period = 25.800 ns )               ; MaquinadeStateMain:inst8|inst                             ; MaquinadeStateMain:inst8|inst3                            ; clock_32   ; clock_32 ; None                        ; None                      ; 0.500 ns                ;
; N/A   ; 38.76 MHz ( period = 25.800 ns )               ; MaquinadeStateSecondary:inst9|inst17                      ; MaquinadeStateSecondary:inst9|inst14                      ; clock_32   ; clock_32 ; None                        ; None                      ; 0.500 ns                ;
; N/A   ; 38.76 MHz ( period = 25.800 ns )               ; MaquinadeStateSecondary:inst9|inst14                      ; MaquinadeStateSecondary:inst9|74161:inst115|f74161:sub|9  ; clock_32   ; clock_32 ; None                        ; None                      ; 3.600 ns                ;
; N/A   ; 38.91 MHz ( period = 25.700 ns )               ; MaquinadeStateMain:inst8|inst3                            ; 74173:inst33|9                                            ; clock_32   ; clock_32 ; None                        ; None                      ; 1.200 ns                ;
; N/A   ; 38.91 MHz ( period = 25.700 ns )               ; Control:inst3|inst16                                      ; Control:inst3|74173:inst36|8                              ; clock_32   ; clock_32 ; None                        ; None                      ; 1.200 ns                ;
; N/A   ; 38.91 MHz ( period = 25.700 ns )               ; Control:inst3|inst14                                      ; Control:inst3|74173:inst36|9                              ; clock_32   ; clock_32 ; None                        ; None                      ; 1.200 ns                ;
; N/A   ; 38.91 MHz ( period = 25.700 ns )               ; MaquinadeStateMain:inst8|inst3                            ; 74173:inst33|8                                            ; clock_32   ; clock_32 ; None                        ; None                      ; 1.200 ns                ;
; N/A   ; 38.91 MHz ( period = 25.700 ns )               ; MaquinadeStateMain:inst8|inst3                            ; 74173:inst33|7                                            ; clock_32   ; clock_32 ; None                        ; None                      ; 1.200 ns                ;
; N/A   ; 38.91 MHz ( period = 25.700 ns )               ; MaquinadeStateMain:inst8|inst                             ; 74173:inst34|9                                            ; clock_32   ; clock_32 ; None                        ; None                      ; 1.200 ns                ;
; N/A   ; 38.91 MHz ( period = 25.700 ns )               ; MaquinadeStateMain:inst8|inst3                            ; 74173:inst34|8                                            ; clock_32   ; clock_32 ; None                        ; None                      ; 1.200 ns                ;
; N/A   ; 40.82 MHz ( period = 24.500 ns )               ; MaquinadeStateSecondary:inst9|inst17                      ; MaquinadeStateSecondary:inst9|74161:inst114|f74161:sub|99 ; clock_32   ; clock_32 ; None                        ; None                      ; 2.300 ns                ;
; N/A   ; 40.98 MHz ( period = 24.400 ns )               ; MaquinadeStateSecondary:inst9|inst14                      ; 74173:inst35|7                                            ; clock_32   ; clock_32 ; None                        ; None                      ; 2.200 ns                ;
; N/A   ; 40.98 MHz ( period = 24.400 ns )               ; MaquinadeStateSecondary:inst9|inst17                      ; 74173:inst36|8                                            ; clock_32   ; clock_32 ; None                        ; None                      ; 2.200 ns                ;
; N/A   ; 41.15 MHz ( period = 24.300 ns )               ; Control:inst3|74161:inst116|f74161:sub|9                  ; Control:inst3|74161:inst116|f74161:sub|99                 ; clock_32   ; clock_32 ; None                        ; None                      ; 2.000 ns                ;
; N/A   ; 41.32 MHz ( period = 24.200 ns )               ; MaquinadeStateSecondary:inst9|inst14                      ; 74173:inst36|8                                            ; clock_32   ; clock_32 ; None                        ; None                      ; 2.000 ns                ;
; N/A   ; 41.32 MHz ( period = 24.200 ns )               ; MaquinadeStateSecondary:inst9|inst14                      ; MaquinadeStateSecondary:inst9|74161:inst114|f74161:sub|99 ; clock_32   ; clock_32 ; None                        ; None                      ; 2.000 ns                ;
; N/A   ; 41.49 MHz ( period = 24.100 ns )               ; Control:inst3|74161:inst116|f74161:sub|9                  ; Control:inst3|74161:inst116|f74161:sub|87                 ; clock_32   ; clock_32 ; None                        ; None                      ; 1.800 ns                ;
; N/A   ; 42.02 MHz ( period = 23.800 ns )               ; Control:inst3|74161:inst116|f74161:sub|9                  ; Control:inst3|74161:inst116|f74161:sub|9                  ; clock_32   ; clock_32 ; None                        ; None                      ; 1.500 ns                ;
; N/A   ; 42.19 MHz ( period = 23.700 ns )               ; MaquinadeStateSecondary:inst9|inst14                      ; MaquinadeStateSecondary:inst9|74161:inst115|f74161:sub|87 ; clock_32   ; clock_32 ; None                        ; None                      ; 1.500 ns                ;
; N/A   ; 42.37 MHz ( period = 23.600 ns )               ; MaquinadeStateSecondary:inst9|inst14                      ; 74173:inst35|9                                            ; clock_32   ; clock_32 ; None                        ; None                      ; 1.400 ns                ;
; N/A   ; 42.37 MHz ( period = 23.600 ns )               ; MaquinadeStateSecondary:inst9|inst17                      ; 74173:inst35|8                                            ; clock_32   ; clock_32 ; None                        ; None                      ; 1.400 ns                ;
; N/A   ; 42.37 MHz ( period = 23.600 ns )               ; MaquinadeStateSecondary:inst9|inst17                      ; 74173:inst36|9                                            ; clock_32   ; clock_32 ; None                        ; None                      ; 1.400 ns                ;
; N/A   ; 42.55 MHz ( period = 23.500 ns )               ; Control:inst3|74161:inst116|f74161:sub|99                 ; Control:inst3|74161:inst116|f74161:sub|99                 ; clock_32   ; clock_32 ; None                        ; None                      ; 1.200 ns                ;
; N/A   ; 42.55 MHz ( period = 23.500 ns )               ; Control:inst3|inst16                                      ; Control:inst3|inst16                                      ; clock_32   ; clock_32 ; None                        ; None                      ; 1.200 ns                ;
; N/A   ; 42.55 MHz ( period = 23.500 ns )               ; Control:inst3|inst14                                      ; Control:inst3|inst14                                      ; clock_32   ; clock_32 ; None                        ; None                      ; 1.200 ns                ;
; N/A   ; 42.74 MHz ( period = 23.400 ns )               ; Control:inst3|74161:inst116|f74161:sub|87                 ; Control:inst3|74161:inst116|f74161:sub|99                 ; clock_32   ; clock_32 ; None                        ; None                      ; 1.100 ns                ;
; N/A   ; 42.74 MHz ( period = 23.400 ns )               ; Control:inst3|74161:inst116|f74161:sub|87                 ; Control:inst3|74161:inst116|f74161:sub|87                 ; clock_32   ; clock_32 ; None                        ; None                      ; 1.100 ns                ;
; N/A   ; 42.74 MHz ( period = 23.400 ns )               ; MaquinadeStateSecondary:inst9|inst17                      ; 74173:inst35|9                                            ; clock_32   ; clock_32 ; None                        ; None                      ; 1.200 ns                ;
; N/A   ; 42.74 MHz ( period = 23.400 ns )               ; MaquinadeStateSecondary:inst9|inst14                      ; 74173:inst35|8                                            ; clock_32   ; clock_32 ; None                        ; None                      ; 1.200 ns                ;
; N/A   ; 42.74 MHz ( period = 23.400 ns )               ; MaquinadeStateSecondary:inst9|inst17                      ; MaquinadeStateSecondary:inst9|74161:inst115|f74161:sub|87 ; clock_32   ; clock_32 ; None                        ; None                      ; 1.200 ns                ;
; N/A   ; 42.74 MHz ( period = 23.400 ns )               ; MaquinadeStateSecondary:inst9|inst14                      ; 74173:inst36|9                                            ; clock_32   ; clock_32 ; None                        ; None                      ; 1.200 ns                ;
; N/A   ; 43.86 MHz ( period = 22.800 ns )               ; Control:inst3|inst14                                      ; Control:inst3|inst16                                      ; clock_32   ; clock_32 ; None                        ; None                      ; 0.500 ns                ;
; N/A   ; 55.87 MHz ( period = 17.900 ns )               ; Control:inst3|74161:inst116|f74161:sub|99                 ; 74173:inst32|9                                            ; clock_32   ; clock_32 ; None                        ; None                      ; 4.500 ns                ;
; N/A   ; 56.18 MHz ( period = 17.800 ns )               ; Control:inst3|74161:inst116|f74161:sub|99                 ; 74173:inst31|9                                            ; clock_32   ; clock_32 ; None                        ; None                      ; 4.400 ns                ;
; N/A   ; 56.50 MHz ( period = 17.700 ns )               ; Control:inst3|74161:inst116|f74161:sub|9                  ; 74173:inst32|9                                            ; clock_32   ; clock_32 ; None                        ; None                      ; 4.300 ns                ;
; N/A   ; 56.82 MHz ( period = 17.600 ns )               ; Control:inst3|74161:inst116|f74161:sub|9                  ; 74173:inst31|9                                            ; clock_32   ; clock_32 ; None                        ; None                      ; 4.200 ns                ;
; N/A   ; Restricted to 200.00 MHz ( period = 5.000 ns ) ; Divisor:inst12|74161:inst113|f74161:sub|9                 ; Divisor:inst12|74161:inst113|f74161:sub|87                ; clock_32   ; clock_32 ; None                        ; None                      ; 2.700 ns                ;
; N/A   ; Restricted to 200.00 MHz ( period = 5.000 ns ) ; Divisor:inst12|74161:inst112|f74161:sub|9                 ; Divisor:inst12|74161:inst112|f74161:sub|110               ; clock_32   ; clock_32 ; None                        ; None                      ; 2.200 ns                ;
; N/A   ; Restricted to 200.00 MHz ( period = 5.000 ns ) ; Divisor:inst12|74161:inst114|f74161:sub|87                ; 74173:inst32|9                                            ; clock_32   ; clock_32 ; None                        ; None                      ; 2.100 ns                ;
; N/A   ; Restricted to 200.00 MHz ( period = 5.000 ns ) ; Divisor:inst12|74161:inst112|f74161:sub|9                 ; Divisor:inst12|74161:inst112|f74161:sub|99                ; clock_32   ; clock_32 ; None                        ; None                      ; 2.000 ns                ;
; N/A   ; Restricted to 200.00 MHz ( period = 5.000 ns ) ; Divisor:inst12|74161:inst114|f74161:sub|9                 ; Divisor:inst12|74161:inst114|f74161:sub|87                ; clock_32   ; clock_32 ; None                        ; None                      ; 1.800 ns                ;
; N/A   ; Restricted to 200.00 MHz ( period = 5.000 ns ) ; Divisor:inst12|74161:inst113|f74161:sub|9                 ; Divisor:inst12|74161:inst113|f74161:sub|9                 ; clock_32   ; clock_32 ; None                        ; None                      ; 1.500 ns                ;
; N/A   ; Restricted to 200.00 MHz ( period = 5.000 ns ) ; Divisor:inst12|74161:inst112|f74161:sub|9                 ; Divisor:inst12|74161:inst112|f74161:sub|87                ; clock_32   ; clock_32 ; None                        ; None                      ; 1.800 ns                ;
; N/A   ; Restricted to 200.00 MHz ( period = 5.000 ns ) ; MaquinadeStateMain:inst8|74161:inst114|f74161:sub|99      ; MaquinadeStateMain:inst8|74161:inst114|f74161:sub|99      ; clock_32   ; clock_32 ; None                        ; None                      ; 1.700 ns                ;
; N/A   ; Restricted to 200.00 MHz ( period = 5.000 ns ) ; MaquinadeStateSecondary:inst9|74161:inst114|f74161:sub|99 ; MaquinadeStateSecondary:inst9|74161:inst114|f74161:sub|99 ; clock_32   ; clock_32 ; None                        ; None                      ; 1.700 ns                ;
; N/A   ; Restricted to 200.00 MHz ( period = 5.000 ns ) ; Divisor:inst12|74161:inst112|f74161:sub|9                 ; Divisor:inst12|74161:inst112|f74161:sub|9                 ; clock_32   ; clock_32 ; None                        ; None                      ; 1.500 ns                ;
; N/A   ; Restricted to 200.00 MHz ( period = 5.000 ns ) ; Divisor:inst12|74161:inst114|f74161:sub|9                 ; Divisor:inst12|74161:inst114|f74161:sub|9                 ; clock_32   ; clock_32 ; None                        ; None                      ; 1.500 ns                ;
; N/A   ; Restricted to 200.00 MHz ( period = 5.000 ns ) ; Divisor:inst12|74161:inst112|f74161:sub|87                ; Divisor:inst12|74161:inst112|f74161:sub|110               ; clock_32   ; clock_32 ; None                        ; None                      ; 1.300 ns                ;
; N/A   ; Restricted to 200.00 MHz ( period = 5.000 ns ) ; MaquinadeStateMain:inst8|74161:inst114|f74161:sub|9       ; MaquinadeStateMain:inst8|74161:inst114|f74161:sub|99      ; clock_32   ; clock_32 ; None                        ; None                      ; 1.300 ns                ;
; N/A   ; Restricted to 200.00 MHz ( period = 5.000 ns ) ; MaquinadeStateSecondary:inst9|74161:inst114|f74161:sub|9  ; MaquinadeStateSecondary:inst9|74161:inst114|f74161:sub|99 ; clock_32   ; clock_32 ; None                        ; None                      ; 1.300 ns                ;
; N/A   ; Restricted to 200.00 MHz ( period = 5.000 ns ) ; Divisor:inst12|inst44                                     ; Divisor:inst12|inst44                                     ; clock_32   ; clock_32 ; None                        ; None                      ; 1.200 ns                ;
; N/A   ; Restricted to 200.00 MHz ( period = 5.000 ns ) ; Divisor:inst12|inst41                                     ; Divisor:inst12|inst41                                     ; clock_32   ; clock_32 ; None                        ; None                      ; 1.200 ns                ;
; N/A   ; Restricted to 200.00 MHz ( period = 5.000 ns ) ; Divisor:inst12|inst78                                     ; Divisor:inst12|inst78                                     ; clock_32   ; clock_32 ; None                        ; None                      ; 1.200 ns                ;
; N/A   ; Restricted to 200.00 MHz ( period = 5.000 ns ) ; Divisor:inst12|inst43                                     ; Divisor:inst12|inst43                                     ; clock_32   ; clock_32 ; None                        ; None                      ; 1.200 ns                ;
; N/A   ; Restricted to 200.00 MHz ( period = 5.000 ns ) ; Divisor:inst12|74161:inst114|f74161:sub|87                ; Divisor:inst12|74161:inst114|f74161:sub|87                ; clock_32   ; clock_32 ; None                        ; None                      ; 1.200 ns                ;
; N/A   ; Restricted to 200.00 MHz ( period = 5.000 ns ) ; Divisor:inst12|74161:inst112|f74161:sub|110               ; Divisor:inst12|74161:inst112|f74161:sub|110               ; clock_32   ; clock_32 ; None                        ; None                      ; 1.200 ns                ;
; N/A   ; Restricted to 200.00 MHz ( period = 5.000 ns ) ; Divisor:inst12|inst42                                     ; Divisor:inst12|inst42                                     ; clock_32   ; clock_32 ; None                        ; None                      ; 1.200 ns                ;
; N/A   ; Restricted to 200.00 MHz ( period = 5.000 ns ) ; Divisor:inst12|inst40                                     ; Divisor:inst12|inst40                                     ; clock_32   ; clock_32 ; None                        ; None                      ; 1.200 ns                ;
; N/A   ; Restricted to 200.00 MHz ( period = 5.000 ns ) ; Divisor:inst12|inst39                                     ; Divisor:inst12|inst39                                     ; clock_32   ; clock_32 ; None                        ; None                      ; 1.200 ns                ;
; N/A   ; Restricted to 200.00 MHz ( period = 5.000 ns ) ; Divisor:inst12|inst38                                     ; Divisor:inst12|inst38                                     ; clock_32   ; clock_32 ; None                        ; None                      ; 1.200 ns                ;
; N/A   ; Restricted to 200.00 MHz ( period = 5.000 ns ) ; Divisor:inst12|inst37                                     ; Divisor:inst12|inst37                                     ; clock_32   ; clock_32 ; None                        ; None                      ; 1.200 ns                ;
; N/A   ; Restricted to 200.00 MHz ( period = 5.000 ns ) ; Divisor:inst12|inst72                                     ; Divisor:inst12|inst72                                     ; clock_32   ; clock_32 ; None                        ; None                      ; 1.200 ns                ;
; N/A   ; Restricted to 200.00 MHz ( period = 5.000 ns ) ; Divisor:inst12|inst36                                     ; Divisor:inst12|inst36                                     ; clock_32   ; clock_32 ; None                        ; None                      ; 1.200 ns                ;
; N/A   ; Restricted to 200.00 MHz ( period = 5.000 ns ) ; Divisor:inst12|inst35                                     ; Divisor:inst12|inst35                                     ; clock_32   ; clock_32 ; None                        ; None                      ; 1.200 ns                ;
; N/A   ; Restricted to 200.00 MHz ( period = 5.000 ns ) ; Divisor:inst12|inst34                                     ; Divisor:inst12|inst34                                     ; clock_32   ; clock_32 ; None                        ; None                      ; 1.200 ns                ;
; N/A   ; Restricted to 200.00 MHz ( period = 5.000 ns ) ; Divisor:inst12|inst33                                     ; Divisor:inst12|inst33                                     ; clock_32   ; clock_32 ; None                        ; None                      ; 1.200 ns                ;
; N/A   ; Restricted to 200.00 MHz ( period = 5.000 ns ) ; Divisor:inst12|inst66                                     ; Divisor:inst12|inst66                                     ; clock_32   ; clock_32 ; None                        ; None                      ; 1.200 ns                ;
; N/A   ; Restricted to 200.00 MHz ( period = 5.000 ns ) ; Divisor:inst12|inst32                                     ; Divisor:inst12|inst32                                     ; clock_32   ; clock_32 ; None                        ; None                      ; 1.200 ns                ;
; N/A   ; Restricted to 200.00 MHz ( period = 5.000 ns ) ; Divisor:inst12|inst31                                     ; Divisor:inst12|inst31                                     ; clock_32   ; clock_32 ; None                        ; None                      ; 1.200 ns                ;
; N/A   ; Restricted to 200.00 MHz ( period = 5.000 ns ) ; Divisor:inst12|inst30                                     ; Divisor:inst12|inst30                                     ; clock_32   ; clock_32 ; None                        ; None                      ; 1.200 ns                ;
; N/A   ; Restricted to 200.00 MHz ( period = 5.000 ns ) ; Divisor:inst12|inst29                                     ; Divisor:inst12|inst29                                     ; clock_32   ; clock_32 ; None                        ; None                      ; 1.200 ns                ;
; N/A   ; Restricted to 200.00 MHz ( period = 5.000 ns ) ; Divisor:inst12|inst60                                     ; Divisor:inst12|inst60                                     ; clock_32   ; clock_32 ; None                        ; None                      ; 1.200 ns                ;
; N/A   ; Restricted to 200.00 MHz ( period = 5.000 ns ) ; Divisor:inst12|inst28                                     ; Divisor:inst12|inst28                                     ; clock_32   ; clock_32 ; None                        ; None                      ; 1.200 ns                ;
; N/A   ; Restricted to 200.00 MHz ( period = 5.000 ns ) ; Divisor:inst12|inst27                                     ; Divisor:inst12|inst27                                     ; clock_32   ; clock_32 ; None                        ; None                      ; 1.200 ns                ;
; N/A   ; Restricted to 200.00 MHz ( period = 5.000 ns ) ; Divisor:inst12|inst26                                     ; Divisor:inst12|inst26                                     ; clock_32   ; clock_32 ; None                        ; None                      ; 1.200 ns                ;
; N/A   ; Restricted to 200.00 MHz ( period = 5.000 ns ) ; Divisor:inst12|inst25                                     ; Divisor:inst12|inst25                                     ; clock_32   ; clock_32 ; None                        ; None                      ; 1.200 ns                ;
; N/A   ; Restricted to 200.00 MHz ( period = 5.000 ns ) ; Divisor:inst12|inst                                       ; Divisor:inst12|inst                                       ; clock_32   ; clock_32 ; None                        ; None                      ; 1.200 ns                ;
; N/A   ; Restricted to 200.00 MHz ( period = 5.000 ns ) ; MaquinadeStateSecondary:inst9|74161:inst115|f74161:sub|9  ; MaquinadeStateSecondary:inst9|74161:inst115|f74161:sub|87 ; clock_32   ; clock_32 ; None                        ; None                      ; 1.100 ns                ;
; N/A   ; Restricted to 200.00 MHz ( period = 5.000 ns ) ; MaquinadeStateMain:inst8|74161:inst115|f74161:sub|9       ; MaquinadeStateMain:inst8|74161:inst115|f74161:sub|87      ; clock_32   ; clock_32 ; None                        ; None                      ; 1.100 ns                ;
; N/A   ; Restricted to 200.00 MHz ( period = 5.000 ns ) ; Divisor:inst12|74161:inst112|f74161:sub|99                ; Divisor:inst12|74161:inst112|f74161:sub|110               ; clock_32   ; clock_32 ; None                        ; None                      ; 1.100 ns                ;
; N/A   ; Restricted to 200.00 MHz ( period = 5.000 ns ) ; Divisor:inst12|74161:inst112|f74161:sub|87                ; Divisor:inst12|74161:inst112|f74161:sub|87                ; clock_32   ; clock_32 ; None                        ; None                      ; 1.100 ns                ;
; N/A   ; Restricted to 200.00 MHz ( period = 5.000 ns ) ; Divisor:inst12|74161:inst112|f74161:sub|87                ; Divisor:inst12|74161:inst112|f74161:sub|99                ; clock_32   ; clock_32 ; None                        ; None                      ; 1.100 ns                ;
; N/A   ; Restricted to 200.00 MHz ( period = 5.000 ns ) ; Divisor:inst12|74161:inst112|f74161:sub|99                ; Divisor:inst12|74161:inst112|f74161:sub|99                ; clock_32   ; clock_32 ; None                        ; None                      ; 1.100 ns                ;
; N/A   ; Restricted to 200.00 MHz ( period = 5.000 ns ) ; MaquinadeStateMain:inst8|74161:inst114|f74161:sub|87      ; MaquinadeStateMain:inst8|74161:inst114|f74161:sub|99      ; clock_32   ; clock_32 ; None                        ; None                      ; 1.100 ns                ;
; N/A   ; Restricted to 200.00 MHz ( period = 5.000 ns ) ; MaquinadeStateMain:inst8|74161:inst114|f74161:sub|9       ; MaquinadeStateMain:inst8|74161:inst114|f74161:sub|9       ; clock_32   ; clock_32 ; None                        ; None                      ; 1.100 ns                ;
; N/A   ; Restricted to 200.00 MHz ( period = 5.000 ns ) ; MaquinadeStateSecondary:inst9|74161:inst114|f74161:sub|87 ; MaquinadeStateSecondary:inst9|74161:inst114|f74161:sub|99 ; clock_32   ; clock_32 ; None                        ; None                      ; 1.100 ns                ;
; N/A   ; Restricted to 200.00 MHz ( period = 5.000 ns ) ; MaquinadeStateSecondary:inst9|74161:inst114|f74161:sub|9  ; MaquinadeStateSecondary:inst9|74161:inst114|f74161:sub|9  ; clock_32   ; clock_32 ; None                        ; None                      ; 1.100 ns                ;
; N/A   ; Restricted to 200.00 MHz ( period = 5.000 ns ) ; MaquinadeStateMain:inst8|74161:inst115|f74161:sub|9       ; MaquinadeStateMain:inst8|74161:inst115|f74161:sub|9       ; clock_32   ; clock_32 ; None                        ; None                      ; 1.100 ns                ;
; N/A   ; Restricted to 200.00 MHz ( period = 5.000 ns ) ; MaquinadeStateMain:inst8|74161:inst114|f74161:sub|9       ; MaquinadeStateMain:inst8|74161:inst114|f74161:sub|87      ; clock_32   ; clock_32 ; None                        ; None                      ; 1.100 ns                ;
; N/A   ; Restricted to 200.00 MHz ( period = 5.000 ns ) ; MaquinadeStateMain:inst8|74161:inst114|f74161:sub|87      ; MaquinadeStateMain:inst8|74161:inst114|f74161:sub|87      ; clock_32   ; clock_32 ; None                        ; None                      ; 1.100 ns                ;
; N/A   ; Restricted to 200.00 MHz ( period = 5.000 ns ) ; MaquinadeStateSecondary:inst9|74161:inst115|f74161:sub|9  ; MaquinadeStateSecondary:inst9|74161:inst115|f74161:sub|9  ; clock_32   ; clock_32 ; None                        ; None                      ; 1.100 ns                ;
; N/A   ; Restricted to 200.00 MHz ( period = 5.000 ns ) ; MaquinadeStateSecondary:inst9|74161:inst114|f74161:sub|9  ; MaquinadeStateSecondary:inst9|74161:inst114|f74161:sub|87 ; clock_32   ; clock_32 ; None                        ; None                      ; 1.100 ns                ;
; N/A   ; Restricted to 200.00 MHz ( period = 5.000 ns ) ; MaquinadeStateSecondary:inst9|74161:inst114|f74161:sub|87 ; MaquinadeStateSecondary:inst9|74161:inst114|f74161:sub|87 ; clock_32   ; clock_32 ; None                        ; None                      ; 1.100 ns                ;
+-------+------------------------------------------------+-----------------------------------------------------------+-----------------------------------------------------------+------------+----------+-----------------------------+---------------------------+-------------------------+


+---------------------------------------------------------------------------------------------------------------------------------------------------------------------------------------------------------------------------------------------------------------+
; Clock Hold: 'clock_32'                                                                                                                                                                                                                                        ;
+------------------------------------------+-------------------------------------------+-----------------------------------------------------------+------------+----------+----------------------------+----------------------------+--------------------------+
; Minimum Slack                            ; From                                      ; To                                                        ; From Clock ; To Clock ; Required Hold Relationship ; Required Shortest P2P Time ; Actual Shortest P2P Time ;
+------------------------------------------+-------------------------------------------+-----------------------------------------------------------+------------+----------+----------------------------+----------------------------+--------------------------+
; Not operational: Clock Skew > Data Delay ; MaquinadeStateMain:inst8|inst             ; MaquinadeStateMain:inst8|inst3                            ; clock_32   ; clock_32 ; None                       ; None                       ; 0.500 ns                 ;
; Not operational: Clock Skew > Data Delay ; MaquinadeStateSecondary:inst9|inst17      ; MaquinadeStateSecondary:inst9|inst14                      ; clock_32   ; clock_32 ; None                       ; None                       ; 0.500 ns                 ;
; Not operational: Clock Skew > Data Delay ; MaquinadeStateMain:inst8|inst3            ; MaquinadeStateMain:inst8|inst3                            ; clock_32   ; clock_32 ; None                       ; None                       ; 1.200 ns                 ;
; Not operational: Clock Skew > Data Delay ; MaquinadeStateMain:inst8|inst             ; MaquinadeStateMain:inst8|inst                             ; clock_32   ; clock_32 ; None                       ; None                       ; 1.200 ns                 ;
; Not operational: Clock Skew > Data Delay ; MaquinadeStateSecondary:inst9|inst17      ; MaquinadeStateSecondary:inst9|inst17                      ; clock_32   ; clock_32 ; None                       ; None                       ; 1.200 ns                 ;
; Not operational: Clock Skew > Data Delay ; MaquinadeStateSecondary:inst9|inst14      ; MaquinadeStateSecondary:inst9|inst14                      ; clock_32   ; clock_32 ; None                       ; None                       ; 1.200 ns                 ;
; Not operational: Clock Skew > Data Delay ; Control:inst3|inst14                      ; Control:inst3|inst16                                      ; clock_32   ; clock_32 ; None                       ; None                       ; 0.500 ns                 ;
; Not operational: Clock Skew > Data Delay ; Control:inst3|74161:inst116|f74161:sub|87 ; Control:inst3|74161:inst116|f74161:sub|99                 ; clock_32   ; clock_32 ; None                       ; None                       ; 1.100 ns                 ;
; Not operational: Clock Skew > Data Delay ; Control:inst3|74161:inst116|f74161:sub|87 ; Control:inst3|74161:inst116|f74161:sub|87                 ; clock_32   ; clock_32 ; None                       ; None                       ; 1.100 ns                 ;
; Not operational: Clock Skew > Data Delay ; Control:inst3|74161:inst116|f74161:sub|99 ; Control:inst3|74161:inst116|f74161:sub|99                 ; clock_32   ; clock_32 ; None                       ; None                       ; 1.200 ns                 ;
; Not operational: Clock Skew > Data Delay ; Control:inst3|inst16                      ; Control:inst3|inst16                                      ; clock_32   ; clock_32 ; None                       ; None                       ; 1.200 ns                 ;
; Not operational: Clock Skew > Data Delay ; Control:inst3|inst14                      ; Control:inst3|inst14                                      ; clock_32   ; clock_32 ; None                       ; None                       ; 1.200 ns                 ;
; Not operational: Clock Skew > Data Delay ; Control:inst3|74161:inst116|f74161:sub|9  ; Control:inst3|74161:inst116|f74161:sub|9                  ; clock_32   ; clock_32 ; None                       ; None                       ; 1.500 ns                 ;
; Not operational: Clock Skew > Data Delay ; Control:inst3|74161:inst116|f74161:sub|9  ; Control:inst3|74161:inst116|f74161:sub|87                 ; clock_32   ; clock_32 ; None                       ; None                       ; 1.800 ns                 ;
; Not operational: Clock Skew > Data Delay ; Control:inst3|74161:inst116|f74161:sub|9  ; Control:inst3|74161:inst116|f74161:sub|99                 ; clock_32   ; clock_32 ; None                       ; None                       ; 2.000 ns                 ;
; Not operational: Clock Skew > Data Delay ; Control:inst3|74173:inst37|9              ; 74173:inst31|9                                            ; clock_32   ; clock_32 ; None                       ; None                       ; 4.500 ns                 ;
; Not operational: Clock Skew > Data Delay ; Control:inst3|74173:inst37|9              ; 74173:inst32|9                                            ; clock_32   ; clock_32 ; None                       ; None                       ; 4.700 ns                 ;
; Not operational: Clock Skew > Data Delay ; Control:inst3|74173:inst36|8              ; 74173:inst31|9                                            ; clock_32   ; clock_32 ; None                       ; None                       ; 5.300 ns                 ;
; Not operational: Clock Skew > Data Delay ; Control:inst3|74173:inst36|9              ; 74173:inst31|9                                            ; clock_32   ; clock_32 ; None                       ; None                       ; 5.500 ns                 ;
; Not operational: Clock Skew > Data Delay ; Control:inst3|74173:inst36|8              ; 74173:inst32|9                                            ; clock_32   ; clock_32 ; None                       ; None                       ; 5.500 ns                 ;
; Not operational: Clock Skew > Data Delay ; Control:inst3|74173:inst36|9              ; 74173:inst32|9                                            ; clock_32   ; clock_32 ; None                       ; None                       ; 5.600 ns                 ;
; Not operational: Clock Skew > Data Delay ; Control:inst3|74161:inst116|f74161:sub|9  ; 74173:inst31|9                                            ; clock_32   ; clock_32 ; None                       ; None                       ; 4.000 ns                 ;
; Not operational: Clock Skew > Data Delay ; Control:inst3|74161:inst116|f74161:sub|99 ; 74173:inst31|9                                            ; clock_32   ; clock_32 ; None                       ; None                       ; 4.200 ns                 ;
; Not operational: Clock Skew > Data Delay ; Control:inst3|74161:inst116|f74161:sub|9  ; 74173:inst32|9                                            ; clock_32   ; clock_32 ; None                       ; None                       ; 4.200 ns                 ;
; Not operational: Clock Skew > Data Delay ; Control:inst3|74161:inst116|f74161:sub|99 ; 74173:inst32|9                                            ; clock_32   ; clock_32 ; None                       ; None                       ; 4.400 ns                 ;
; Not operational: Clock Skew > Data Delay ; MaquinadeStateSecondary:inst9|inst17      ; 74173:inst35|9                                            ; clock_32   ; clock_32 ; None                       ; None                       ; 1.200 ns                 ;
; Not operational: Clock Skew > Data Delay ; MaquinadeStateSecondary:inst9|inst14      ; 74173:inst35|8                                            ; clock_32   ; clock_32 ; None                       ; None                       ; 1.200 ns                 ;
; Not operational: Clock Skew > Data Delay ; MaquinadeStateSecondary:inst9|inst17      ; MaquinadeStateSecondary:inst9|74161:inst115|f74161:sub|87 ; clock_32   ; clock_32 ; None                       ; None                       ; 1.200 ns                 ;
; Not operational: Clock Skew > Data Delay ; MaquinadeStateSecondary:inst9|inst14      ; 74173:inst36|9                                            ; clock_32   ; clock_32 ; None                       ; None                       ; 1.200 ns                 ;
; Not operational: Clock Skew > Data Delay ; MaquinadeStateSecondary:inst9|inst14      ; 74173:inst35|9                                            ; clock_32   ; clock_32 ; None                       ; None                       ; 1.400 ns                 ;
; Not operational: Clock Skew > Data Delay ; MaquinadeStateSecondary:inst9|inst17      ; 74173:inst35|8                                            ; clock_32   ; clock_32 ; None                       ; None                       ; 1.400 ns                 ;
; Not operational: Clock Skew > Data Delay ; MaquinadeStateSecondary:inst9|inst17      ; 74173:inst36|9                                            ; clock_32   ; clock_32 ; None                       ; None                       ; 1.400 ns                 ;
; Not operational: Clock Skew > Data Delay ; MaquinadeStateSecondary:inst9|inst14      ; MaquinadeStateSecondary:inst9|74161:inst115|f74161:sub|87 ; clock_32   ; clock_32 ; None                       ; None                       ; 1.500 ns                 ;
; Not operational: Clock Skew > Data Delay ; MaquinadeStateSecondary:inst9|inst14      ; 74173:inst36|8                                            ; clock_32   ; clock_32 ; None                       ; None                       ; 2.000 ns                 ;
; Not operational: Clock Skew > Data Delay ; MaquinadeStateSecondary:inst9|inst14      ; MaquinadeStateSecondary:inst9|74161:inst114|f74161:sub|99 ; clock_32   ; clock_32 ; None                       ; None                       ; 2.000 ns                 ;
; Not operational: Clock Skew > Data Delay ; MaquinadeStateSecondary:inst9|inst14      ; 74173:inst35|7                                            ; clock_32   ; clock_32 ; None                       ; None                       ; 2.200 ns                 ;
; Not operational: Clock Skew > Data Delay ; MaquinadeStateSecondary:inst9|inst17      ; 74173:inst36|8                                            ; clock_32   ; clock_32 ; None                       ; None                       ; 2.200 ns                 ;
; Not operational: Clock Skew > Data Delay ; MaquinadeStateSecondary:inst9|inst17      ; MaquinadeStateSecondary:inst9|74161:inst114|f74161:sub|99 ; clock_32   ; clock_32 ; None                       ; None                       ; 2.300 ns                 ;
+------------------------------------------+-------------------------------------------+-----------------------------------------------------------+------------+----------+----------------------------+----------------------------+--------------------------+


+-------------------------------------------------------------------------------------------------------+
; tco                                                                                                   ;
+-------+--------------+------------+--------------------------------------------+---------+------------+
; Slack ; Required tco ; Actual tco ; From                                       ; To      ; From Clock ;
+-------+--------------+------------+--------------------------------------------+---------+------------+
; N/A   ; None         ; 119.000 ns ; Control:inst3|74161:inst116|f74161:sub|99  ; Red2    ; clock_32   ;
; N/A   ; None         ; 118.800 ns ; Control:inst3|74161:inst116|f74161:sub|9   ; Red2    ; clock_32   ;
; N/A   ; None         ; 117.000 ns ; Control:inst3|74161:inst116|f74161:sub|99  ; Green1  ; clock_32   ;
; N/A   ; None         ; 116.900 ns ; Control:inst3|74161:inst116|f74161:sub|99  ; Yellow1 ; clock_32   ;
; N/A   ; None         ; 116.800 ns ; Control:inst3|74161:inst116|f74161:sub|9   ; Green1  ; clock_32   ;
; N/A   ; None         ; 116.700 ns ; Control:inst3|74161:inst116|f74161:sub|99  ; Green2  ; clock_32   ;
; N/A   ; None         ; 116.700 ns ; Control:inst3|74161:inst116|f74161:sub|9   ; Yellow1 ; clock_32   ;
; N/A   ; None         ; 116.500 ns ; Control:inst3|74161:inst116|f74161:sub|9   ; Green2  ; clock_32   ;
; N/A   ; None         ; 115.600 ns ; Control:inst3|74161:inst116|f74161:sub|99  ; Yellow2 ; clock_32   ;
; N/A   ; None         ; 115.400 ns ; Control:inst3|74161:inst116|f74161:sub|9   ; Yellow2 ; clock_32   ;
; N/A   ; None         ; 113.700 ns ; Control:inst3|74161:inst116|f74161:sub|99  ; Red1    ; clock_32   ;
; N/A   ; None         ; 113.500 ns ; Control:inst3|74161:inst116|f74161:sub|9   ; Red1    ; clock_32   ;
; N/A   ; None         ; 106.400 ns ; 74173:inst33|9                             ; Green1  ; clock_32   ;
; N/A   ; None         ; 104.200 ns ; 74173:inst35|8                             ; Yellow1 ; clock_32   ;
; N/A   ; None         ; 104.100 ns ; 74173:inst35|9                             ; Green1  ; clock_32   ;
; N/A   ; None         ; 103.700 ns ; 74173:inst33|8                             ; Yellow1 ; clock_32   ;
; N/A   ; None         ; 103.100 ns ; Divisor:inst12|74161:inst113|f74161:sub|87 ; Test    ; clock_32   ;
; N/A   ; None         ; 103.100 ns ; 74173:inst36|9                             ; Green2  ; clock_32   ;
; N/A   ; None         ; 102.600 ns ; 74173:inst32|9                             ; Yellow1 ; clock_32   ;
; N/A   ; None         ; 102.400 ns ; 74173:inst34|8                             ; Yellow2 ; clock_32   ;
; N/A   ; None         ; 102.200 ns ; 74173:inst33|7                             ; Red2    ; clock_32   ;
; N/A   ; None         ; 102.200 ns ; 74173:inst36|8                             ; Yellow2 ; clock_32   ;
; N/A   ; None         ; 101.800 ns ; 74173:inst33|7                             ; Red1    ; clock_32   ;
; N/A   ; None         ; 101.300 ns ; 74173:inst32|9                             ; Yellow2 ; clock_32   ;
; N/A   ; None         ; 101.100 ns ; 74173:inst31|9                             ; Red2    ; clock_32   ;
; N/A   ; None         ; 100.800 ns ; 74173:inst35|7                             ; Red2    ; clock_32   ;
; N/A   ; None         ; 100.000 ns ; 74173:inst31|9                             ; Green1  ; clock_32   ;
; N/A   ; None         ; 99.000 ns  ; 74173:inst34|9                             ; Green2  ; clock_32   ;
; N/A   ; None         ; 98.300 ns  ; 74173:inst35|7                             ; Red1    ; clock_32   ;
; N/A   ; None         ; 96.400 ns  ; Control:inst3|74173:inst36|9               ; Red2    ; clock_32   ;
; N/A   ; None         ; 96.200 ns  ; Control:inst3|74173:inst36|8               ; Red2    ; clock_32   ;
; N/A   ; None         ; 95.800 ns  ; Control:inst3|74173:inst37|9               ; Red2    ; clock_32   ;
; N/A   ; None         ; 94.400 ns  ; Control:inst3|74173:inst36|8               ; Green1  ; clock_32   ;
; N/A   ; None         ; 94.300 ns  ; Control:inst3|74173:inst36|9               ; Yellow1 ; clock_32   ;
; N/A   ; None         ; 94.100 ns  ; Control:inst3|74173:inst36|9               ; Green2  ; clock_32   ;
; N/A   ; None         ; 94.100 ns  ; Control:inst3|74173:inst36|8               ; Yellow1 ; clock_32   ;
; N/A   ; None         ; 94.100 ns  ; Control:inst3|74173:inst36|9               ; Green1  ; clock_32   ;
; N/A   ; None         ; 93.800 ns  ; Control:inst3|74173:inst36|8               ; Green2  ; clock_32   ;
; N/A   ; None         ; 93.800 ns  ; Control:inst3|74173:inst37|9               ; Green1  ; clock_32   ;
; N/A   ; None         ; 93.700 ns  ; Control:inst3|74173:inst37|9               ; Yellow1 ; clock_32   ;
; N/A   ; None         ; 93.500 ns  ; Control:inst3|74173:inst37|9               ; Green2  ; clock_32   ;
; N/A   ; None         ; 93.000 ns  ; Control:inst3|74173:inst36|9               ; Yellow2 ; clock_32   ;
; N/A   ; None         ; 92.800 ns  ; Control:inst3|74173:inst36|8               ; Yellow2 ; clock_32   ;
; N/A   ; None         ; 92.400 ns  ; Control:inst3|74173:inst37|9               ; Yellow2 ; clock_32   ;
; N/A   ; None         ; 91.100 ns  ; Control:inst3|74173:inst36|9               ; Red1    ; clock_32   ;
; N/A   ; None         ; 90.900 ns  ; Control:inst3|74173:inst36|8               ; Red1    ; clock_32   ;
; N/A   ; None         ; 90.500 ns  ; Control:inst3|74173:inst37|9               ; Red1    ; clock_32   ;
+-------+--------------+------------+--------------------------------------------+---------+------------+


+--------------------------+
; Timing Analyzer Messages ;
+--------------------------+
Info: *******************************************************************
Info: Running Quartus II Classic Timing Analyzer
    Info: Version 9.0 Build 235 06/17/2009 Service Pack 2 SJ Web Edition
    Info: Processing started: Thu Feb 15 16:45:24 2018
Info: Command: quartus_tan --read_settings_files=off --write_settings_files=off SemaforoInteligente -c SemaforoInteligente
Info: Started post-fitting delay annotation
Info: Delay annotation completed successfully
Warning: Found pins functioning as undefined clocks and/or memory enables
    Info: Assuming node "clock_32" is an undefined clock
Warning: Found 51 node(s) in clock paths which may be acting as ripple and/or gated clocks -- node(s) analyzed as buffer(s) resulting in clock skew
    Info: Detected ripple clock "Divisor:inst12|inst" as buffer
    Info: Detected ripple clock "Divisor:inst12|inst25" as buffer
    Info: Detected ripple clock "Divisor:inst12|inst26" as buffer
    Info: Detected ripple clock "Divisor:inst12|inst27" as buffer
    Info: Detected ripple clock "Divisor:inst12|inst28" as buffer
    Info: Detected ripple clock "Divisor:inst12|inst60" as buffer
    Info: Detected ripple clock "Divisor:inst12|inst29" as buffer
    Info: Detected ripple clock "Divisor:inst12|inst30" as buffer
    Info: Detected ripple clock "Divisor:inst12|inst31" as buffer
    Info: Detected ripple clock "Divisor:inst12|inst32" as buffer
    Info: Detected ripple clock "Divisor:inst12|inst66" as buffer
    Info: Detected ripple clock "Divisor:inst12|inst33" as buffer
    Info: Detected ripple clock "Divisor:inst12|inst34" as buffer
    Info: Detected ripple clock "Divisor:inst12|inst35" as buffer
    Info: Detected ripple clock "Divisor:inst12|inst36" as buffer
    Info: Detected ripple clock "Divisor:inst12|inst72" as buffer
    Info: Detected ripple clock "Divisor:inst12|inst37" as buffer
    Info: Detected ripple clock "Divisor:inst12|inst38" as buffer
    Info: Detected ripple clock "Divisor:inst12|inst39" as buffer
    Info: Detected ripple clock "MaquinadeStateSecondary:inst9|74161:inst114|f74161:sub|9" as buffer
    Info: Detected ripple clock "MaquinadeStateSecondary:inst9|74161:inst114|f74161:sub|99" as buffer
    Info: Detected ripple clock "Divisor:inst12|inst40" as buffer
    Info: Detected ripple clock "Divisor:inst12|inst42" as buffer
    Info: Detected ripple clock "MaquinadeStateMain:inst8|74161:inst114|f74161:sub|9" as buffer
    Info: Detected ripple clock "MaquinadeStateMain:inst8|74161:inst114|f74161:sub|99" as buffer
    Info: Detected ripple clock "Divisor:inst12|74161:inst112|f74161:sub|9" as buffer
    Info: Detected ripple clock "Divisor:inst12|74161:inst112|f74161:sub|87" as buffer
    Info: Detected ripple clock "Divisor:inst12|74161:inst112|f74161:sub|110" as buffer
    Info: Detected gated clock "MaquinadeStateMain:inst8|inst16" as buffer
    Info: Detected ripple clock "MaquinadeStateMain:inst8|74161:inst115|f74161:sub|87" as buffer
    Info: Detected gated clock "MaquinadeStateMain:inst8|inst1~0" as buffer
    Info: Detected gated clock "MaquinadeStateSecondary:inst9|inst22" as buffer
    Info: Detected ripple clock "MaquinadeStateSecondary:inst9|74161:inst115|f74161:sub|87" as buffer
    Info: Detected gated clock "MaquinadeStateSecondary:inst9|inst18~0" as buffer
    Info: Detected gated clock "Control:inst3|74173:inst36|42~0" as buffer
    Info: Detected ripple clock "Control:inst3|inst14" as buffer
    Info: Detected ripple clock "Control:inst3|74173:inst36|9" as buffer
    Info: Detected ripple clock "Divisor:inst12|inst43" as buffer
    Info: Detected gated clock "Control:inst3|74173:inst36|43~0" as buffer
    Info: Detected gated clock "Control:inst3|inst21~0" as buffer
    Info: Detected gated clock "Control:inst3|inst5~0" as buffer
    Info: Detected ripple clock "Divisor:inst12|inst78" as buffer
    Info: Detected ripple clock "Control:inst3|inst16" as buffer
    Info: Detected ripple clock "Control:inst3|74173:inst36|8" as buffer
    Info: Detected ripple clock "Divisor:inst12|inst41" as buffer
    Info: Detected ripple clock "Control:inst3|74161:inst116|f74161:sub|99" as buffer
    Info: Detected ripple clock "Control:inst3|74161:inst116|f74161:sub|9" as buffer
    Info: Detected ripple clock "Control:inst3|74173:inst37|9" as buffer
    Info: Detected ripple clock "Divisor:inst12|inst44" as buffer
    Info: Detected gated clock "Divisor:inst12|inst1~0" as buffer
    Info: Detected ripple clock "Divisor:inst12|74161:inst113|f74161:sub|87" as buffer
Info: Clock "clock_32" has Internal fmax of 34.36 MHz between source register "MaquinadeStateMain:inst8|inst" and destination register "MaquinadeStateMain:inst8|74161:inst114|f74161:sub|9" (period= 29.1 ns)
    Info: + Longest register to register delay is 4.600 ns
        Info: 1: + IC(0.000 ns) + CELL(0.000 ns) = 0.000 ns; Loc. = LC1_I9; Fanout = 9; REG Node = 'MaquinadeStateMain:inst8|inst'
        Info: 2: + IC(1.000 ns) + CELL(1.900 ns) = 2.900 ns; Loc. = LC4_I8; Fanout = 4; COMB Node = 'DECFarolMain:inst15|inst8'
        Info: 3: + IC(0.200 ns) + CELL(1.500 ns) = 4.600 ns; Loc. = LC6_I8; Fanout = 4; REG Node = 'MaquinadeStateMain:inst8|74161:inst114|f74161:sub|9'
        Info: Total cell delay = 3.400 ns ( 73.91 % )
        Info: Total interconnect delay = 1.200 ns ( 26.09 % )
    Info: - Smallest clock skew is -22.700 ns
        Info: + Shortest clock path from clock "clock_32" to destination register is 85.500 ns
            Info: 1: + IC(0.000 ns) + CELL(0.500 ns) = 0.500 ns; Loc. = PIN_79; Fanout = 1; CLK Node = 'clock_32'
            Info: 2: + IC(1.400 ns) + CELL(1.100 ns) = 3.000 ns; Loc. = LC1_F6; Fanout = 2; REG Node = 'Divisor:inst12|inst'
            Info: 3: + IC(2.200 ns) + CELL(1.100 ns) = 6.300 ns; Loc. = LC1_F20; Fanout = 2; REG Node = 'Divisor:inst12|inst25'
            Info: 4: + IC(1.300 ns) + CELL(1.100 ns) = 8.700 ns; Loc. = LC1_F1; Fanout = 2; REG Node = 'Divisor:inst12|inst26'
            Info: 5: + IC(2.400 ns) + CELL(1.100 ns) = 12.200 ns; Loc. = LC2_F17; Fanout = 2; REG Node = 'Divisor:inst12|inst27'
            Info: 6: + IC(0.200 ns) + CELL(1.100 ns) = 13.500 ns; Loc. = LC1_F17; Fanout = 2; REG Node = 'Divisor:inst12|inst28'
            Info: 7: + IC(3.700 ns) + CELL(1.100 ns) = 18.300 ns; Loc. = LC1_E7; Fanout = 2; REG Node = 'Divisor:inst12|inst60'
            Info: 8: + IC(2.100 ns) + CELL(1.100 ns) = 21.500 ns; Loc. = LC1_E17; Fanout = 2; REG Node = 'Divisor:inst12|inst29'
            Info: 9: + IC(1.100 ns) + CELL(1.100 ns) = 23.700 ns; Loc. = LC1_E11; Fanout = 2; REG Node = 'Divisor:inst12|inst30'
            Info: 10: + IC(2.200 ns) + CELL(1.100 ns) = 27.000 ns; Loc. = LC1_E24; Fanout = 2; REG Node = 'Divisor:inst12|inst31'
            Info: 11: + IC(1.900 ns) + CELL(1.100 ns) = 30.000 ns; Loc. = LC1_E41; Fanout = 2; REG Node = 'Divisor:inst12|inst32'
            Info: 12: + IC(1.800 ns) + CELL(1.100 ns) = 32.900 ns; Loc. = LC1_E51; Fanout = 2; REG Node = 'Divisor:inst12|inst66'
            Info: 13: + IC(3.900 ns) + CELL(1.100 ns) = 37.900 ns; Loc. = LC1_D32; Fanout = 2; REG Node = 'Divisor:inst12|inst33'
            Info: 14: + IC(1.700 ns) + CELL(1.100 ns) = 40.700 ns; Loc. = LC1_D30; Fanout = 2; REG Node = 'Divisor:inst12|inst34'
            Info: 15: + IC(1.700 ns) + CELL(1.100 ns) = 43.500 ns; Loc. = LC1_D27; Fanout = 2; REG Node = 'Divisor:inst12|inst35'
            Info: 16: + IC(3.900 ns) + CELL(1.100 ns) = 48.500 ns; Loc. = LC1_H32; Fanout = 2; REG Node = 'Divisor:inst12|inst36'
            Info: 17: + IC(2.000 ns) + CELL(1.100 ns) = 51.600 ns; Loc. = LC1_H44; Fanout = 2; REG Node = 'Divisor:inst12|inst72'
            Info: 18: + IC(1.700 ns) + CELL(1.100 ns) = 54.400 ns; Loc. = LC1_H46; Fanout = 2; REG Node = 'Divisor:inst12|inst37'
            Info: 19: + IC(1.100 ns) + CELL(1.100 ns) = 56.600 ns; Loc. = LC1_H43; Fanout = 2; REG Node = 'Divisor:inst12|inst38'
            Info: 20: + IC(3.800 ns) + CELL(1.100 ns) = 61.500 ns; Loc. = LC1_D46; Fanout = 2; REG Node = 'Divisor:inst12|inst39'
            Info: 21: + IC(1.900 ns) + CELL(1.100 ns) = 64.500 ns; Loc. = LC1_D33; Fanout = 2; REG Node = 'Divisor:inst12|inst40'
            Info: 22: + IC(2.000 ns) + CELL(1.100 ns) = 67.600 ns; Loc. = LC2_D46; Fanout = 2; REG Node = 'Divisor:inst12|inst78'
            Info: 23: + IC(2.600 ns) + CELL(1.100 ns) = 71.300 ns; Loc. = LC1_D2; Fanout = 6; REG Node = 'Divisor:inst12|inst41'
            Info: 24: + IC(2.300 ns) + CELL(1.100 ns) = 74.700 ns; Loc. = LC3_D13; Fanout = 2; REG Node = 'Divisor:inst12|inst42'
            Info: 25: + IC(2.000 ns) + CELL(1.100 ns) = 77.800 ns; Loc. = LC1_D19; Fanout = 2; REG Node = 'Divisor:inst12|inst43'
            Info: 26: + IC(1.800 ns) + CELL(1.100 ns) = 80.700 ns; Loc. = LC1_D15; Fanout = 29; REG Node = 'Divisor:inst12|inst44'
            Info: 27: + IC(4.800 ns) + CELL(0.000 ns) = 85.500 ns; Loc. = LC6_I8; Fanout = 4; REG Node = 'MaquinadeStateMain:inst8|74161:inst114|f74161:sub|9'
            Info: Total cell delay = 28.000 ns ( 32.75 % )
            Info: Total interconnect delay = 57.500 ns ( 67.25 % )
        Info: - Longest clock path from clock "clock_32" to source register is 108.200 ns
            Info: 1: + IC(0.000 ns) + CELL(0.500 ns) = 0.500 ns; Loc. = PIN_79; Fanout = 1; CLK Node = 'clock_32'
            Info: 2: + IC(1.400 ns) + CELL(1.100 ns) = 3.000 ns; Loc. = LC1_F6; Fanout = 2; REG Node = 'Divisor:inst12|inst'
            Info: 3: + IC(2.200 ns) + CELL(1.100 ns) = 6.300 ns; Loc. = LC1_F20; Fanout = 2; REG Node = 'Divisor:inst12|inst25'
            Info: 4: + IC(1.300 ns) + CELL(1.100 ns) = 8.700 ns; Loc. = LC1_F1; Fanout = 2; REG Node = 'Divisor:inst12|inst26'
            Info: 5: + IC(2.400 ns) + CELL(1.100 ns) = 12.200 ns; Loc. = LC2_F17; Fanout = 2; REG Node = 'Divisor:inst12|inst27'
            Info: 6: + IC(0.200 ns) + CELL(1.100 ns) = 13.500 ns; Loc. = LC1_F17; Fanout = 2; REG Node = 'Divisor:inst12|inst28'
            Info: 7: + IC(3.700 ns) + CELL(1.100 ns) = 18.300 ns; Loc. = LC1_E7; Fanout = 2; REG Node = 'Divisor:inst12|inst60'
            Info: 8: + IC(2.100 ns) + CELL(1.100 ns) = 21.500 ns; Loc. = LC1_E17; Fanout = 2; REG Node = 'Divisor:inst12|inst29'
            Info: 9: + IC(1.100 ns) + CELL(1.100 ns) = 23.700 ns; Loc. = LC1_E11; Fanout = 2; REG Node = 'Divisor:inst12|inst30'
            Info: 10: + IC(2.200 ns) + CELL(1.100 ns) = 27.000 ns; Loc. = LC1_E24; Fanout = 2; REG Node = 'Divisor:inst12|inst31'
            Info: 11: + IC(1.900 ns) + CELL(1.100 ns) = 30.000 ns; Loc. = LC1_E41; Fanout = 2; REG Node = 'Divisor:inst12|inst32'
            Info: 12: + IC(1.800 ns) + CELL(1.100 ns) = 32.900 ns; Loc. = LC1_E51; Fanout = 2; REG Node = 'Divisor:inst12|inst66'
            Info: 13: + IC(3.900 ns) + CELL(1.100 ns) = 37.900 ns; Loc. = LC1_D32; Fanout = 2; REG Node = 'Divisor:inst12|inst33'
            Info: 14: + IC(1.700 ns) + CELL(1.100 ns) = 40.700 ns; Loc. = LC1_D30; Fanout = 2; REG Node = 'Divisor:inst12|inst34'
            Info: 15: + IC(1.700 ns) + CELL(1.100 ns) = 43.500 ns; Loc. = LC1_D27; Fanout = 2; REG Node = 'Divisor:inst12|inst35'
            Info: 16: + IC(3.900 ns) + CELL(1.100 ns) = 48.500 ns; Loc. = LC1_H32; Fanout = 2; REG Node = 'Divisor:inst12|inst36'
            Info: 17: + IC(2.000 ns) + CELL(1.100 ns) = 51.600 ns; Loc. = LC1_H44; Fanout = 2; REG Node = 'Divisor:inst12|inst72'
            Info: 18: + IC(1.700 ns) + CELL(1.100 ns) = 54.400 ns; Loc. = LC1_H46; Fanout = 2; REG Node = 'Divisor:inst12|inst37'
            Info: 19: + IC(1.100 ns) + CELL(1.100 ns) = 56.600 ns; Loc. = LC1_H43; Fanout = 2; REG Node = 'Divisor:inst12|inst38'
            Info: 20: + IC(3.800 ns) + CELL(1.100 ns) = 61.500 ns; Loc. = LC1_D46; Fanout = 2; REG Node = 'Divisor:inst12|inst39'
            Info: 21: + IC(1.900 ns) + CELL(1.100 ns) = 64.500 ns; Loc. = LC1_D33; Fanout = 2; REG Node = 'Divisor:inst12|inst40'
            Info: 22: + IC(2.000 ns) + CELL(1.100 ns) = 67.600 ns; Loc. = LC2_D46; Fanout = 2; REG Node = 'Divisor:inst12|inst78'
            Info: 23: + IC(2.600 ns) + CELL(1.100 ns) = 71.300 ns; Loc. = LC1_D2; Fanout = 6; REG Node = 'Divisor:inst12|inst41'
            Info: 24: + IC(2.300 ns) + CELL(1.100 ns) = 74.700 ns; Loc. = LC3_D13; Fanout = 2; REG Node = 'Divisor:inst12|inst42'
            Info: 25: + IC(2.000 ns) + CELL(1.100 ns) = 77.800 ns; Loc. = LC1_D19; Fanout = 2; REG Node = 'Divisor:inst12|inst43'
            Info: 26: + IC(1.800 ns) + CELL(1.100 ns) = 80.700 ns; Loc. = LC1_D15; Fanout = 29; REG Node = 'Divisor:inst12|inst44'
            Info: 27: + IC(4.800 ns) + CELL(1.100 ns) = 86.600 ns; Loc. = LC7_D21; Fanout = 2; REG Node = 'Divisor:inst12|74161:inst112|f74161:sub|110'
            Info: 28: + IC(0.200 ns) + CELL(2.000 ns) = 88.800 ns; Loc. = LC1_D21; Fanout = 6; COMB Node = 'Divisor:inst12|inst1~0'
            Info: 29: + IC(2.100 ns) + CELL(1.100 ns) = 92.000 ns; Loc. = LC1_D4; Fanout = 5; REG Node = 'Divisor:inst12|74161:inst113|f74161:sub|87'
            Info: 30: + IC(2.000 ns) + CELL(1.900 ns) = 95.900 ns; Loc. = LC3_D9; Fanout = 5; COMB Node = 'Control:inst3|inst5~0'
            Info: 31: + IC(1.200 ns) + CELL(1.100 ns) = 98.200 ns; Loc. = LC6_D13; Fanout = 6; REG Node = 'Control:inst3|74161:inst116|f74161:sub|9'
            Info: 32: + IC(0.200 ns) + CELL(1.700 ns) = 100.100 ns; Loc. = LC1_D13; Fanout = 17; COMB Node = 'Control:inst3|74173:inst36|42~0'
            Info: 33: + IC(4.100 ns) + CELL(2.200 ns) = 106.400 ns; Loc. = LC1_I8; Fanout = 2; COMB Node = 'MaquinadeStateMain:inst8|inst1~0'
            Info: 34: + IC(1.800 ns) + CELL(0.000 ns) = 108.200 ns; Loc. = LC1_I9; Fanout = 9; REG Node = 'MaquinadeStateMain:inst8|inst'
            Info: Total cell delay = 39.100 ns ( 36.14 % )
            Info: Total interconnect delay = 69.100 ns ( 63.86 % )
    Info: + Micro clock to output delay of source is 1.100 ns
    Info: + Micro setup delay of destination is 0.700 ns
Warning: Circuit may not operate. Detected 38 non-operational path(s) clocked by clock "clock_32" with clock skew larger than data delay. See Compilation Report for details.
Info: Found hold time violation between source  pin or register "MaquinadeStateMain:inst8|inst" and destination pin or register "MaquinadeStateMain:inst8|inst3" for clock "clock_32" (Hold time is 22.8 ns)
    Info: + Largest clock skew is 23.500 ns
        Info: + Longest clock path from clock "clock_32" to destination register is 108.200 ns
            Info: 1: + IC(0.000 ns) + CELL(0.500 ns) = 0.500 ns; Loc. = PIN_79; Fanout = 1; CLK Node = 'clock_32'
            Info: 2: + IC(1.400 ns) + CELL(1.100 ns) = 3.000 ns; Loc. = LC1_F6; Fanout = 2; REG Node = 'Divisor:inst12|inst'
            Info: 3: + IC(2.200 ns) + CELL(1.100 ns) = 6.300 ns; Loc. = LC1_F20; Fanout = 2; REG Node = 'Divisor:inst12|inst25'
            Info: 4: + IC(1.300 ns) + CELL(1.100 ns) = 8.700 ns; Loc. = LC1_F1; Fanout = 2; REG Node = 'Divisor:inst12|inst26'
            Info: 5: + IC(2.400 ns) + CELL(1.100 ns) = 12.200 ns; Loc. = LC2_F17; Fanout = 2; REG Node = 'Divisor:inst12|inst27'
            Info: 6: + IC(0.200 ns) + CELL(1.100 ns) = 13.500 ns; Loc. = LC1_F17; Fanout = 2; REG Node = 'Divisor:inst12|inst28'
            Info: 7: + IC(3.700 ns) + CELL(1.100 ns) = 18.300 ns; Loc. = LC1_E7; Fanout = 2; REG Node = 'Divisor:inst12|inst60'
            Info: 8: + IC(2.100 ns) + CELL(1.100 ns) = 21.500 ns; Loc. = LC1_E17; Fanout = 2; REG Node = 'Divisor:inst12|inst29'
            Info: 9: + IC(1.100 ns) + CELL(1.100 ns) = 23.700 ns; Loc. = LC1_E11; Fanout = 2; REG Node = 'Divisor:inst12|inst30'
            Info: 10: + IC(2.200 ns) + CELL(1.100 ns) = 27.000 ns; Loc. = LC1_E24; Fanout = 2; REG Node = 'Divisor:inst12|inst31'
            Info: 11: + IC(1.900 ns) + CELL(1.100 ns) = 30.000 ns; Loc. = LC1_E41; Fanout = 2; REG Node = 'Divisor:inst12|inst32'
            Info: 12: + IC(1.800 ns) + CELL(1.100 ns) = 32.900 ns; Loc. = LC1_E51; Fanout = 2; REG Node = 'Divisor:inst12|inst66'
            Info: 13: + IC(3.900 ns) + CELL(1.100 ns) = 37.900 ns; Loc. = LC1_D32; Fanout = 2; REG Node = 'Divisor:inst12|inst33'
            Info: 14: + IC(1.700 ns) + CELL(1.100 ns) = 40.700 ns; Loc. = LC1_D30; Fanout = 2; REG Node = 'Divisor:inst12|inst34'
            Info: 15: + IC(1.700 ns) + CELL(1.100 ns) = 43.500 ns; Loc. = LC1_D27; Fanout = 2; REG Node = 'Divisor:inst12|inst35'
            Info: 16: + IC(3.900 ns) + CELL(1.100 ns) = 48.500 ns; Loc. = LC1_H32; Fanout = 2; REG Node = 'Divisor:inst12|inst36'
            Info: 17: + IC(2.000 ns) + CELL(1.100 ns) = 51.600 ns; Loc. = LC1_H44; Fanout = 2; REG Node = 'Divisor:inst12|inst72'
            Info: 18: + IC(1.700 ns) + CELL(1.100 ns) = 54.400 ns; Loc. = LC1_H46; Fanout = 2; REG Node = 'Divisor:inst12|inst37'
            Info: 19: + IC(1.100 ns) + CELL(1.100 ns) = 56.600 ns; Loc. = LC1_H43; Fanout = 2; REG Node = 'Divisor:inst12|inst38'
            Info: 20: + IC(3.800 ns) + CELL(1.100 ns) = 61.500 ns; Loc. = LC1_D46; Fanout = 2; REG Node = 'Divisor:inst12|inst39'
            Info: 21: + IC(1.900 ns) + CELL(1.100 ns) = 64.500 ns; Loc. = LC1_D33; Fanout = 2; REG Node = 'Divisor:inst12|inst40'
            Info: 22: + IC(2.000 ns) + CELL(1.100 ns) = 67.600 ns; Loc. = LC2_D46; Fanout = 2; REG Node = 'Divisor:inst12|inst78'
            Info: 23: + IC(2.600 ns) + CELL(1.100 ns) = 71.300 ns; Loc. = LC1_D2; Fanout = 6; REG Node = 'Divisor:inst12|inst41'
            Info: 24: + IC(2.300 ns) + CELL(1.100 ns) = 74.700 ns; Loc. = LC3_D13; Fanout = 2; REG Node = 'Divisor:inst12|inst42'
            Info: 25: + IC(2.000 ns) + CELL(1.100 ns) = 77.800 ns; Loc. = LC1_D19; Fanout = 2; REG Node = 'Divisor:inst12|inst43'
            Info: 26: + IC(1.800 ns) + CELL(1.100 ns) = 80.700 ns; Loc. = LC1_D15; Fanout = 29; REG Node = 'Divisor:inst12|inst44'
            Info: 27: + IC(4.800 ns) + CELL(1.100 ns) = 86.600 ns; Loc. = LC7_D21; Fanout = 2; REG Node = 'Divisor:inst12|74161:inst112|f74161:sub|110'
            Info: 28: + IC(0.200 ns) + CELL(2.000 ns) = 88.800 ns; Loc. = LC1_D21; Fanout = 6; COMB Node = 'Divisor:inst12|inst1~0'
            Info: 29: + IC(2.100 ns) + CELL(1.100 ns) = 92.000 ns; Loc. = LC1_D4; Fanout = 5; REG Node = 'Divisor:inst12|74161:inst113|f74161:sub|87'
            Info: 30: + IC(2.000 ns) + CELL(1.900 ns) = 95.900 ns; Loc. = LC3_D9; Fanout = 5; COMB Node = 'Control:inst3|inst5~0'
            Info: 31: + IC(1.200 ns) + CELL(1.100 ns) = 98.200 ns; Loc. = LC6_D13; Fanout = 6; REG Node = 'Control:inst3|74161:inst116|f74161:sub|9'
            Info: 32: + IC(0.200 ns) + CELL(1.700 ns) = 100.100 ns; Loc. = LC1_D13; Fanout = 17; COMB Node = 'Control:inst3|74173:inst36|42~0'
            Info: 33: + IC(4.100 ns) + CELL(2.200 ns) = 106.400 ns; Loc. = LC1_I8; Fanout = 2; COMB Node = 'MaquinadeStateMain:inst8|inst1~0'
            Info: 34: + IC(1.800 ns) + CELL(0.000 ns) = 108.200 ns; Loc. = LC2_I9; Fanout = 9; REG Node = 'MaquinadeStateMain:inst8|inst3'
            Info: Total cell delay = 39.100 ns ( 36.14 % )
            Info: Total interconnect delay = 69.100 ns ( 63.86 % )
        Info: - Shortest clock path from clock "clock_32" to source register is 84.700 ns
            Info: 1: + IC(0.000 ns) + CELL(0.500 ns) = 0.500 ns; Loc. = PIN_79; Fanout = 1; CLK Node = 'clock_32'
            Info: 2: + IC(1.400 ns) + CELL(1.100 ns) = 3.000 ns; Loc. = LC1_F6; Fanout = 2; REG Node = 'Divisor:inst12|inst'
            Info: 3: + IC(2.200 ns) + CELL(1.100 ns) = 6.300 ns; Loc. = LC1_F20; Fanout = 2; REG Node = 'Divisor:inst12|inst25'
            Info: 4: + IC(1.300 ns) + CELL(1.100 ns) = 8.700 ns; Loc. = LC1_F1; Fanout = 2; REG Node = 'Divisor:inst12|inst26'
            Info: 5: + IC(2.400 ns) + CELL(1.100 ns) = 12.200 ns; Loc. = LC2_F17; Fanout = 2; REG Node = 'Divisor:inst12|inst27'
            Info: 6: + IC(0.200 ns) + CELL(1.100 ns) = 13.500 ns; Loc. = LC1_F17; Fanout = 2; REG Node = 'Divisor:inst12|inst28'
            Info: 7: + IC(3.700 ns) + CELL(1.100 ns) = 18.300 ns; Loc. = LC1_E7; Fanout = 2; REG Node = 'Divisor:inst12|inst60'
            Info: 8: + IC(2.100 ns) + CELL(1.100 ns) = 21.500 ns; Loc. = LC1_E17; Fanout = 2; REG Node = 'Divisor:inst12|inst29'
            Info: 9: + IC(1.100 ns) + CELL(1.100 ns) = 23.700 ns; Loc. = LC1_E11; Fanout = 2; REG Node = 'Divisor:inst12|inst30'
            Info: 10: + IC(2.200 ns) + CELL(1.100 ns) = 27.000 ns; Loc. = LC1_E24; Fanout = 2; REG Node = 'Divisor:inst12|inst31'
            Info: 11: + IC(1.900 ns) + CELL(1.100 ns) = 30.000 ns; Loc. = LC1_E41; Fanout = 2; REG Node = 'Divisor:inst12|inst32'
            Info: 12: + IC(1.800 ns) + CELL(1.100 ns) = 32.900 ns; Loc. = LC1_E51; Fanout = 2; REG Node = 'Divisor:inst12|inst66'
            Info: 13: + IC(3.900 ns) + CELL(1.100 ns) = 37.900 ns; Loc. = LC1_D32; Fanout = 2; REG Node = 'Divisor:inst12|inst33'
            Info: 14: + IC(1.700 ns) + CELL(1.100 ns) = 40.700 ns; Loc. = LC1_D30; Fanout = 2; REG Node = 'Divisor:inst12|inst34'
            Info: 15: + IC(1.700 ns) + CELL(1.100 ns) = 43.500 ns; Loc. = LC1_D27; Fanout = 2; REG Node = 'Divisor:inst12|inst35'
            Info: 16: + IC(3.900 ns) + CELL(1.100 ns) = 48.500 ns; Loc. = LC1_H32; Fanout = 2; REG Node = 'Divisor:inst12|inst36'
            Info: 17: + IC(2.000 ns) + CELL(1.100 ns) = 51.600 ns; Loc. = LC1_H44; Fanout = 2; REG Node = 'Divisor:inst12|inst72'
            Info: 18: + IC(1.700 ns) + CELL(1.100 ns) = 54.400 ns; Loc. = LC1_H46; Fanout = 2; REG Node = 'Divisor:inst12|inst37'
            Info: 19: + IC(1.100 ns) + CELL(1.100 ns) = 56.600 ns; Loc. = LC1_H43; Fanout = 2; REG Node = 'Divisor:inst12|inst38'
            Info: 20: + IC(3.800 ns) + CELL(1.100 ns) = 61.500 ns; Loc. = LC1_D46; Fanout = 2; REG Node = 'Divisor:inst12|inst39'
            Info: 21: + IC(1.900 ns) + CELL(1.100 ns) = 64.500 ns; Loc. = LC1_D33; Fanout = 2; REG Node = 'Divisor:inst12|inst40'
            Info: 22: + IC(2.000 ns) + CELL(1.100 ns) = 67.600 ns; Loc. = LC2_D46; Fanout = 2; REG Node = 'Divisor:inst12|inst78'
            Info: 23: + IC(2.600 ns) + CELL(1.100 ns) = 71.300 ns; Loc. = LC1_D2; Fanout = 6; REG Node = 'Divisor:inst12|inst41'
            Info: 24: + IC(2.300 ns) + CELL(1.100 ns) = 74.700 ns; Loc. = LC4_D13; Fanout = 2; REG Node = 'Control:inst3|74173:inst37|9'
            Info: 25: + IC(0.200 ns) + CELL(2.200 ns) = 77.100 ns; Loc. = LC2_D13; Fanout = 17; COMB Node = 'Control:inst3|74173:inst36|43~0'
            Info: 26: + IC(4.100 ns) + CELL(1.700 ns) = 82.900 ns; Loc. = LC1_I8; Fanout = 2; COMB Node = 'MaquinadeStateMain:inst8|inst1~0'
            Info: 27: + IC(1.800 ns) + CELL(0.000 ns) = 84.700 ns; Loc. = LC1_I9; Fanout = 9; REG Node = 'MaquinadeStateMain:inst8|inst'
            Info: Total cell delay = 29.700 ns ( 35.06 % )
            Info: Total interconnect delay = 55.000 ns ( 64.94 % )
    Info: - Micro clock to output delay of source is 1.100 ns
    Info: - Shortest register to register delay is 0.500 ns
        Info: 1: + IC(0.000 ns) + CELL(0.000 ns) = 0.000 ns; Loc. = LC1_I9; Fanout = 9; REG Node = 'MaquinadeStateMain:inst8|inst'
        Info: 2: + IC(0.200 ns) + CELL(0.300 ns) = 0.500 ns; Loc. = LC2_I9; Fanout = 9; REG Node = 'MaquinadeStateMain:inst8|inst3'
        Info: Total cell delay = 0.300 ns ( 60.00 % )
        Info: Total interconnect delay = 0.200 ns ( 40.00 % )
    Info: + Micro hold delay of destination is 0.900 ns
Info: tco from clock "clock_32" to destination pin "Red2" through register "Control:inst3|74161:inst116|f74161:sub|99" is 119.000 ns
    Info: + Longest clock path from clock "clock_32" to source register is 97.100 ns
        Info: 1: + IC(0.000 ns) + CELL(0.500 ns) = 0.500 ns; Loc. = PIN_79; Fanout = 1; CLK Node = 'clock_32'
        Info: 2: + IC(1.400 ns) + CELL(1.100 ns) = 3.000 ns; Loc. = LC1_F6; Fanout = 2; REG Node = 'Divisor:inst12|inst'
        Info: 3: + IC(2.200 ns) + CELL(1.100 ns) = 6.300 ns; Loc. = LC1_F20; Fanout = 2; REG Node = 'Divisor:inst12|inst25'
        Info: 4: + IC(1.300 ns) + CELL(1.100 ns) = 8.700 ns; Loc. = LC1_F1; Fanout = 2; REG Node = 'Divisor:inst12|inst26'
        Info: 5: + IC(2.400 ns) + CELL(1.100 ns) = 12.200 ns; Loc. = LC2_F17; Fanout = 2; REG Node = 'Divisor:inst12|inst27'
        Info: 6: + IC(0.200 ns) + CELL(1.100 ns) = 13.500 ns; Loc. = LC1_F17; Fanout = 2; REG Node = 'Divisor:inst12|inst28'
        Info: 7: + IC(3.700 ns) + CELL(1.100 ns) = 18.300 ns; Loc. = LC1_E7; Fanout = 2; REG Node = 'Divisor:inst12|inst60'
        Info: 8: + IC(2.100 ns) + CELL(1.100 ns) = 21.500 ns; Loc. = LC1_E17; Fanout = 2; REG Node = 'Divisor:inst12|inst29'
        Info: 9: + IC(1.100 ns) + CELL(1.100 ns) = 23.700 ns; Loc. = LC1_E11; Fanout = 2; REG Node = 'Divisor:inst12|inst30'
        Info: 10: + IC(2.200 ns) + CELL(1.100 ns) = 27.000 ns; Loc. = LC1_E24; Fanout = 2; REG Node = 'Divisor:inst12|inst31'
        Info: 11: + IC(1.900 ns) + CELL(1.100 ns) = 30.000 ns; Loc. = LC1_E41; Fanout = 2; REG Node = 'Divisor:inst12|inst32'
        Info: 12: + IC(1.800 ns) + CELL(1.100 ns) = 32.900 ns; Loc. = LC1_E51; Fanout = 2; REG Node = 'Divisor:inst12|inst66'
        Info: 13: + IC(3.900 ns) + CELL(1.100 ns) = 37.900 ns; Loc. = LC1_D32; Fanout = 2; REG Node = 'Divisor:inst12|inst33'
        Info: 14: + IC(1.700 ns) + CELL(1.100 ns) = 40.700 ns; Loc. = LC1_D30; Fanout = 2; REG Node = 'Divisor:inst12|inst34'
        Info: 15: + IC(1.700 ns) + CELL(1.100 ns) = 43.500 ns; Loc. = LC1_D27; Fanout = 2; REG Node = 'Divisor:inst12|inst35'
        Info: 16: + IC(3.900 ns) + CELL(1.100 ns) = 48.500 ns; Loc. = LC1_H32; Fanout = 2; REG Node = 'Divisor:inst12|inst36'
        Info: 17: + IC(2.000 ns) + CELL(1.100 ns) = 51.600 ns; Loc. = LC1_H44; Fanout = 2; REG Node = 'Divisor:inst12|inst72'
        Info: 18: + IC(1.700 ns) + CELL(1.100 ns) = 54.400 ns; Loc. = LC1_H46; Fanout = 2; REG Node = 'Divisor:inst12|inst37'
        Info: 19: + IC(1.100 ns) + CELL(1.100 ns) = 56.600 ns; Loc. = LC1_H43; Fanout = 2; REG Node = 'Divisor:inst12|inst38'
        Info: 20: + IC(3.800 ns) + CELL(1.100 ns) = 61.500 ns; Loc. = LC1_D46; Fanout = 2; REG Node = 'Divisor:inst12|inst39'
        Info: 21: + IC(1.900 ns) + CELL(1.100 ns) = 64.500 ns; Loc. = LC1_D33; Fanout = 2; REG Node = 'Divisor:inst12|inst40'
        Info: 22: + IC(2.000 ns) + CELL(1.100 ns) = 67.600 ns; Loc. = LC2_D46; Fanout = 2; REG Node = 'Divisor:inst12|inst78'
        Info: 23: + IC(2.600 ns) + CELL(1.100 ns) = 71.300 ns; Loc. = LC1_D2; Fanout = 6; REG Node = 'Divisor:inst12|inst41'
        Info: 24: + IC(2.300 ns) + CELL(1.100 ns) = 74.700 ns; Loc. = LC3_D13; Fanout = 2; REG Node = 'Divisor:inst12|inst42'
        Info: 25: + IC(2.000 ns) + CELL(1.100 ns) = 77.800 ns; Loc. = LC1_D19; Fanout = 2; REG Node = 'Divisor:inst12|inst43'
        Info: 26: + IC(1.800 ns) + CELL(1.100 ns) = 80.700 ns; Loc. = LC1_D15; Fanout = 29; REG Node = 'Divisor:inst12|inst44'
        Info: 27: + IC(4.800 ns) + CELL(1.100 ns) = 86.600 ns; Loc. = LC7_D21; Fanout = 2; REG Node = 'Divisor:inst12|74161:inst112|f74161:sub|110'
        Info: 28: + IC(0.200 ns) + CELL(2.000 ns) = 88.800 ns; Loc. = LC1_D21; Fanout = 6; COMB Node = 'Divisor:inst12|inst1~0'
        Info: 29: + IC(2.100 ns) + CELL(1.100 ns) = 92.000 ns; Loc. = LC1_D4; Fanout = 5; REG Node = 'Divisor:inst12|74161:inst113|f74161:sub|87'
        Info: 30: + IC(2.000 ns) + CELL(1.900 ns) = 95.900 ns; Loc. = LC3_D9; Fanout = 5; COMB Node = 'Control:inst3|inst5~0'
        Info: 31: + IC(1.200 ns) + CELL(0.000 ns) = 97.100 ns; Loc. = LC8_D13; Fanout = 6; REG Node = 'Control:inst3|74161:inst116|f74161:sub|99'
        Info: Total cell delay = 34.100 ns ( 35.12 % )
        Info: Total interconnect delay = 63.000 ns ( 64.88 % )
    Info: + Micro clock to output delay of source is 1.100 ns
    Info: + Longest register to pin delay is 20.800 ns
        Info: 1: + IC(0.000 ns) + CELL(0.000 ns) = 0.000 ns; Loc. = LC8_D13; Fanout = 6; REG Node = 'Control:inst3|74161:inst116|f74161:sub|99'
        Info: 2: + IC(0.200 ns) + CELL(1.900 ns) = 2.100 ns; Loc. = LC1_D13; Fanout = 17; COMB Node = 'Control:inst3|74173:inst36|42~0'
        Info: 3: + IC(2.100 ns) + CELL(1.900 ns) = 6.100 ns; Loc. = LC1_D23; Fanout = 2; COMB Node = '74173:inst31|42~3'
        Info: 4: + IC(8.600 ns) + CELL(6.100 ns) = 20.800 ns; Loc. = PIN_161; Fanout = 0; PIN Node = 'Red2'
        Info: Total cell delay = 9.900 ns ( 47.60 % )
        Info: Total interconnect delay = 10.900 ns ( 52.40 % )
Info: Quartus II Classic Timing Analyzer was successful. 0 errors, 3 warnings
    Info: Peak virtual memory: 241 megabytes
    Info: Processing ended: Thu Feb 15 16:45:25 2018
    Info: Elapsed time: 00:00:01
    Info: Total CPU time (on all processors): 00:00:01


